Warn Message!
Error Message!
Fatal Message!
Warn Message!
Error Message!
Fatal Message!
Warn Message!
Error Message!
Fatal Message!
Warn Message!
Error Message!
Fatal Message!
2015-12-27-main--WARN -log4jExample:Warn Message!
2015-12-27-main--ERROR-log4jExample:Error Message!
2015-12-27-main--FATAL-log4jExample:Fatal Message!
Warn Message!
Error Message!
Fatal Message!
Warn Message!
Error Message!
Fatal Message!
Warn Message!
Error Message!
Fatal Message!
Warn Message!
Error Message!
Fatal Message!
2015-12-27-main--WARN -log4jExample:Warn Message!
2015-12-27-main--ERROR-log4jExample:Error Message!
2015-12-27-main--FATAL-log4jExample:Fatal Message!
Warn Message!
Error Message!
Fatal Message!
Warn Message!
Error Message!
Fatal Message!
Warn Message!
Error Message!
Fatal Message!
2015-12-27-main--WARN -log4jExample:Warn Message!
2015-12-27-main--ERROR-log4jExample:Error Message!
2015-12-27-main--FATAL-log4jExample:Fatal Message!
Warn Message!
Error Message!
Fatal Message!
Warn Message!
Error Message!
Fatal Message!
Warn Message!
Error Message!
Fatal Message!
Warn Message!
Error Message!
Fatal Message!
Warn Message!
Error Message!
Fatal Message!
Warn Message!
Error Message!
Fatal Message!
Warn Message!
Error Message!
Fatal Message!
Warn Message!
Error Message!
Fatal Message!
Warn Message!
Error Message!
Fatal Message!
Warn Message!
Error Message!
Fatal Message!
Warn Message!
Error Message!
Fatal Message!
Warn Message!
Error Message!
Fatal Message!
Warn Message!
Error Message!
Fatal Message!
Warn Message!
Error Message!
Fatal Message!
Warn Message!
Error Message!
Fatal Message!
Warn Message!
Error Message!
Fatal Message!
Warn Message!
Error Message!
Fatal Message!
Warn Message!
Error Message!
Fatal Message!
Warn Message!
Error Message!
Fatal Message!
Warn Message!
Error Message!
Fatal Message!
Warn Message!
Error Message!
Fatal Message!
Warn Message!
Error Message!
Fatal Message!
Warn Message!
Error Message!
Fatal Message!
Warn Message!
Error Message!
Fatal Message!
Warn Message!
Error Message!
Fatal Message!
Warn Message!
Error Message!
Fatal Message!
Warn Message!
Error Message!
Fatal Message!
Warn Message!
Error Message!
Fatal Message!
Warn Message!
Error Message!
Fatal Message!
Warn Message!
Error Message!
Fatal Message!
Warn Message!
Error Message!
Fatal Message!
Warn Message!
Error Message!
Fatal Message!
Warn Message!
Error Message!
Fatal Message!
Warn Message!
Error Message!
Fatal Message!
Warn Message!
Error Message!
Fatal Message!
Warn Message!
Error Message!
Fatal Message!
Warn Message!
Error Message!
Fatal Message!
Warn Message!
Error Message!
Fatal Message!
Warn Message!
Error Message!
Fatal Message!
Warn Message!
Error Message!
Fatal Message!
Warn Message!
Error Message!
Fatal Message!
Warn Message!
Error Message!
Fatal Message!
Warn Message!
Error Message!
Fatal Message!
Warn Message!
Error Message!
Fatal Message!
Warn Message!
Error Message!
Fatal Message!
Warn Message!
Error Message!
Fatal Message!
Warn Message!
Error Message!
Fatal Message!
Warn Message!
Error Message!
Fatal Message!
Warn Message!
Error Message!
Fatal Message!
Warn Message!
Error Message!
Fatal Message!
Warn Message!
Error Message!
Fatal Message!
Warn Message!
Error Message!
Fatal Message!
Warn Message!
Error Message!
Fatal Message!
Warn Message!
Error Message!
Fatal Message!
Warn Message!
Error Message!
Fatal Message!
Warn Message!
Error Message!
Fatal Message!
Warn Message!
Error Message!
Fatal Message!
Warn Message!
Error Message!
Fatal Message!
Warn Message!
Error Message!
Fatal Message!
Warn Message!
Error Message!
Fatal Message!
Warn Message!
Error Message!
Fatal Message!
Warn Message!
Error Message!
Fatal Message!
Warn Message!
Error Message!
Fatal Message!
Warn Message!
Error Message!
Fatal Message!
Warn Message!
Error Message!
Fatal Message!
Warn Message!
Error Message!
Fatal Message!
Warn Message!
Error Message!
Fatal Message!
Warn Message!
Error Message!
Fatal Message!
Warn Message!
Error Message!
Fatal Message!
Warn Message!
Error Message!
Fatal Message!
Warn Message!
Error Message!
Fatal Message!
Warn Message!
Error Message!
Fatal Message!
Warn Message!
Error Message!
Fatal Message!
Warn Message!
Error Message!
Fatal Message!
Warn Message!
Error Message!
Fatal Message!
Warn Message!
Error Message!
Fatal Message!
Warn Message!
Error Message!
Fatal Message!
Warn Message!
Error Message!
Fatal Message!
Warn Message!
Error Message!
Fatal Message!
Warn Message!
Error Message!
Fatal Message!
Warn Message!
Error Message!
Fatal Message!
Warn Message!
Error Message!
Fatal Message!
Warn Message!
Error Message!
Fatal Message!
Warn Message!
Error Message!
Fatal Message!
