2015/09/12 22:58:36 INFO  - jmeter.util.JMeterUtils: Setting Locale to zh_CN 
2015/09/12 22:58:36 INFO  - jmeter.JMeter: Loading user properties from: /Users/lyt1987/快盘/gitRepo/study/jmeter-antrun/bin/user.properties 
2015/09/12 22:58:36 INFO  - jmeter.JMeter: Loading system properties from: /Users/lyt1987/快盘/gitRepo/study/jmeter-antrun/bin/system.properties 
2015/09/12 22:58:36 INFO  - jmeter.JMeter: Copyright (c) 1998-2015 The Apache Software Foundation 
2015/09/12 22:58:36 INFO  - jmeter.JMeter: Version 2.13 r1665067 
2015/09/12 22:58:36 INFO  - jmeter.JMeter: java.version=1.7.0_80-ea 
2015/09/12 22:58:36 INFO  - jmeter.JMeter: java.vm.name=Java HotSpot(TM) 64-Bit Server VM 
2015/09/12 22:58:36 INFO  - jmeter.JMeter: os.name=Mac OS X 
2015/09/12 22:58:36 INFO  - jmeter.JMeter: os.arch=x86_64 
2015/09/12 22:58:36 INFO  - jmeter.JMeter: os.version=10.10.4 
2015/09/12 22:58:36 INFO  - jmeter.JMeter: file.encoding=UTF-8 
2015/09/12 22:58:36 INFO  - jmeter.JMeter: Default Locale=中文 (中国) 
2015/09/12 22:58:36 INFO  - jmeter.JMeter: JMeter  Locale=中文 (中国) 
2015/09/12 22:58:36 INFO  - jmeter.JMeter: JMeterHome=/Users/lyt1987/快盘/gitRepo/study/jmeter-antrun 
2015/09/12 22:58:36 INFO  - jmeter.JMeter: user.dir  =/Users/lyt1987/快盘/gitRepo/study/jmeter-antrun 
2015/09/12 22:58:36 INFO  - jmeter.JMeter: PWD       =/Users/lyt1987/快盘/gitRepo/study/jmeter-antrun 
2015/09/12 22:58:36 INFO  - jmeter.JMeter: IP: 192.168.1.106 Name: localhost.local FullName: 192.168.1.106 
2015/09/12 22:58:37 INFO  - jmeter.gui.action.LookAndFeelCommand: Using look and feel: com.apple.laf.AquaLookAndFeel [Mac OS X, System] 
2015/09/12 22:58:37 INFO  - jmeter.JMeter: Loaded icon properties from org/apache/jmeter/images/icon.properties 
2015/09/12 22:58:38 INFO  - jmeter.engine.util.CompoundVariable: Note: Function class names must contain the string: '.functions.' 
2015/09/12 22:58:38 INFO  - jmeter.engine.util.CompoundVariable: Note: Function class names must not contain the string: '.gui.' 
2015/09/12 22:58:39 INFO  - jmeter.util.BSFTestElement: Registering JMeter version of JavaScript engine as work-round for BSF-22 
2015/09/12 22:58:40 INFO  - jmeter.protocol.http.sampler.HTTPSamplerBase: Cannot find .className property for htmlParser, using default 
2015/09/12 22:58:40 INFO  - jmeter.protocol.http.sampler.HTTPSamplerBase: Parser for text/html is  
2015/09/12 22:58:40 INFO  - jmeter.protocol.http.sampler.HTTPSamplerBase: Parser for application/xhtml+xml is  
2015/09/12 22:58:40 INFO  - jmeter.protocol.http.sampler.HTTPSamplerBase: Parser for application/xml is  
2015/09/12 22:58:40 INFO  - jmeter.protocol.http.sampler.HTTPSamplerBase: Parser for text/xml is  
2015/09/12 22:58:40 INFO  - jmeter.protocol.http.sampler.HTTPSamplerBase: Parser for text/vnd.wap.wml is org.apache.jmeter.protocol.http.parser.RegexpHTMLParser 
2015/09/12 22:58:40 INFO  - jmeter.gui.util.MenuFactory: Skipping org.apache.jmeter.protocol.http.control.gui.WebServiceSamplerGui 
2015/09/12 22:58:40 INFO  - jmeter.gui.util.MenuFactory: Skipping org.apache.jmeter.protocol.http.modifier.gui.ParamModifierGui 
2015/09/12 22:58:41 INFO  - jorphan.exec.KeyToolUtils: keytool found at 'keytool' 
2015/09/12 22:58:41 INFO  - jmeter.protocol.http.proxy.ProxyControl: HTTP(S) Test Script Recorder SSL Proxy will use keys that support embedded 3rd party resources in file /Users/lyt1987/快盘/gitRepo/study/jmeter-antrun/bin/proxyserver.jks 
2015/09/12 22:58:42 INFO  - jmeter.samplers.SampleResult: Note: Sample TimeStamps are START times 
2015/09/12 22:58:42 INFO  - jmeter.samplers.SampleResult: sampleresult.default.encoding is set to ISO-8859-1 
2015/09/12 22:58:42 INFO  - jmeter.samplers.SampleResult: sampleresult.useNanoTime=true 
2015/09/12 22:58:42 INFO  - jmeter.samplers.SampleResult: sampleresult.nanoThreadSleep=5000 
